2024-12-14 21:33:45 INFO  RestaurantOrderManagementSystem:13 - Initializing Log4j
2024-12-14 21:33:45 DEBUG RestaurantOrderManagementSystem:25 -  Main Method Started..
2024-12-14 21:33:59 INFO  RestaurantOrderManagementSystem:63 - Logged In Successfully
2024-12-14 22:38:53 INFO  RestaurantOrderManagementSystem:13 - Initializing Log4j
2024-12-14 22:38:53 DEBUG RestaurantOrderManagementSystem:20 -  Main Method Started..
2024-12-14 22:39:08 INFO  RestaurantOrderManagementSystem:678 - Login Failed!!!
2024-12-14 22:39:08 INFO  RestaurantOrderManagementSystem:64 - Login Failed !!!!
2024-12-14 22:39:21 INFO  RestaurantOrderManagementSystem:674 - Admin Logged in Successfully...
2024-12-14 22:39:21 INFO  RestaurantOrderManagementSystem:58 - Logged In Successfully
2024-12-14 22:39:21 INFO  RestaurantOrderManagementSystem:239 - User Validated Successfully.....
2024-12-14 22:39:25 INFO  RestaurantOrderManagementSystem:261 - Entering Into Customer Menu.....
2024-12-14 22:39:26 INFO  RestaurantOrderManagementSystem:283 - Display All Customer Details.....
2024-12-14 22:39:28 INFO  RestaurantOrderManagementSystem:273 - Exiting From Customer Menu.....
2024-12-14 22:39:33 INFO  RestaurantOrderManagementSystem:336 - Entering into staff Menu...
2024-12-14 22:39:35 INFO  RestaurantOrderManagementSystem:359 - Displaying staff Details...
2024-12-14 22:39:35 INFO  RestaurantOrderManagementSystem:369 - Staff Details Found...
2024-12-14 22:39:37 INFO  RestaurantOrderManagementSystem:349 - Exiting Staff Menu
2024-12-14 22:39:39 INFO  RestaurantOrderManagementSystem:412 - Entering Into Food Menu...
2024-12-14 22:39:40 INFO  RestaurantOrderManagementSystem:441 - Displaying Food Menu..
2024-12-14 22:39:42 INFO  RestaurantOrderManagementSystem:425 - Exiting Food menu...
2024-12-14 22:39:43 INFO  RestaurantOrderManagementSystem:479 - Entering into Dish Menu..
2024-12-14 22:39:44 INFO  RestaurantOrderManagementSystem:520 - Display All Dishes Under Specific Menu...
2024-12-14 22:40:04 INFO  RestaurantOrderManagementSystem:520 - Display All Dishes Under Specific Menu...
2024-12-14 22:40:12 INFO  RestaurantOrderManagementSystem:493 - Exiting Dish Menu!!
2024-12-14 22:40:14 INFO  RestaurantOrderManagementSystem:479 - Entering into Dish Menu..
2024-12-14 22:40:18 INFO  RestaurantOrderManagementSystem:520 - Display All Dishes Under Specific Menu...
2024-12-14 22:40:35 INFO  RestaurantOrderManagementSystem:520 - Display All Dishes Under Specific Menu...
2024-12-14 22:40:46 INFO  RestaurantOrderManagementSystem:493 - Exiting Dish Menu!!
2024-12-14 22:40:48 INFO  RestaurantOrderManagementSystem:576 - Entering Into Order Menu...
2024-12-14 22:40:51 INFO  RestaurantOrderManagementSystem:592 - Displaying all Orders...
2024-12-14 22:40:55 INFO  RestaurantOrderManagementSystem:619 - Displaying Order By Table No...
2024-12-14 22:40:57 INFO  RestaurantOrderManagementSystem:627 - No Orders found for given TableNo
2024-12-14 22:41:02 INFO  RestaurantOrderManagementSystem:619 - Displaying Order By Table No...
2024-12-14 22:41:06 INFO  RestaurantOrderManagementSystem:643 - Generating Bill...
2024-12-14 22:41:17 INFO  RestaurantOrderManagementSystem:587 - Exiting Order Menu...
2024-12-14 22:41:19 INFO  RestaurantOrderManagementSystem:252 - Logging Out....
2024-12-15 21:03:30 INFO  RestaurantOrderManagementSystem:13 - Initializing Log4j
2024-12-15 21:03:30 DEBUG RestaurantOrderManagementSystem:21 -  Main Method Started..
2024-12-15 21:03:36 INFO  RestaurantOrderManagementSystem:13 - Initializing Log4j
2024-12-15 21:03:36 DEBUG RestaurantOrderManagementSystem:21 -  Main Method Started..
2024-12-15 21:04:15 INFO  RestaurantOrderManagementSystem:13 - Initializing Log4j
2024-12-15 21:04:15 DEBUG RestaurantOrderManagementSystem:21 -  Main Method Started..
2024-12-15 21:04:35 INFO  RestaurantOrderManagementSystem:13 - Initializing Log4j
2024-12-15 21:04:35 DEBUG RestaurantOrderManagementSystem:21 -  Main Method Started..
2024-12-15 21:04:36 INFO  RestaurantOrderManagementSystem:13 - Initializing Log4j
2024-12-15 21:04:36 DEBUG RestaurantOrderManagementSystem:21 -  Main Method Started..
2024-12-15 21:04:52 INFO  RestaurantOrderManagementSystem:13 - Initializing Log4j
2024-12-15 21:04:52 DEBUG RestaurantOrderManagementSystem:21 -  Main Method Started..
2024-12-15 21:04:58 INFO  RestaurantOrderManagementSystem:13 - Initializing Log4j
2024-12-15 21:04:58 DEBUG RestaurantOrderManagementSystem:21 -  Main Method Started..
2024-12-15 21:05:39 INFO  RestaurantOrderManagementSystem:799 - Registration Successfull...
2024-12-15 21:05:53 INFO  RestaurantOrderManagementSystem:743 - Cashier Logged In Successfully...
2024-12-15 21:05:53 INFO  RestaurantOrderManagementSystem:133 - Logged In Successfully
2024-12-15 21:05:58 INFO  RestaurantOrderManagementSystem:667 - Displaying all Orders...
2024-12-15 21:06:06 INFO  RestaurantOrderManagementSystem:694 - Displaying Order By Table No...
2024-12-15 21:06:12 INFO  RestaurantOrderManagementSystem:717 - Generating Bill...
2024-12-15 21:06:28 INFO  RestaurantOrderManagementSystem:663 - Exiting Order Menu...
2024-12-15 21:06:34 INFO  RestaurantOrderManagementSystem:13 - Initializing Log4j
2024-12-15 21:06:34 DEBUG RestaurantOrderManagementSystem:21 -  Main Method Started..
2024-12-15 21:06:46 INFO  RestaurantOrderManagementSystem:735 - Customer Logged in Successfully...
2024-12-15 21:06:46 INFO  RestaurantOrderManagementSystem:59 - Logged In Successfully
2024-12-15 21:06:46 INFO  RestaurantOrderManagementSystem:163 - User Validated Successfully.....
2024-12-15 21:06:50 INFO  RestaurantOrderManagementSystem:201 - Reserving Table And Placing The Order...
2024-12-15 21:07:52 INFO  RestaurantOrderManagementSystem:222 - Order Placed SuccessFully....
2024-12-15 21:07:59 INFO  RestaurantOrderManagementSystem:176 - Exiting .....
2024-12-15 21:08:03 INFO  RestaurantOrderManagementSystem:13 - Initializing Log4j
2024-12-15 21:08:03 DEBUG RestaurantOrderManagementSystem:21 -  Main Method Started..
2024-12-15 21:08:15 INFO  RestaurantOrderManagementSystem:743 - Cashier Logged In Successfully...
2024-12-15 21:08:15 INFO  RestaurantOrderManagementSystem:59 - Logged In Successfully
2024-12-15 21:08:18 INFO  RestaurantOrderManagementSystem:667 - Displaying all Orders...
2024-12-15 21:08:24 INFO  RestaurantOrderManagementSystem:694 - Displaying Order By Table No...
2024-12-15 21:08:28 INFO  RestaurantOrderManagementSystem:717 - Generating Bill...
2024-12-15 22:44:23 INFO  RestaurantOrderManagementSystem:13 - Initializing Log4j
2024-12-15 22:44:23 DEBUG RestaurantOrderManagementSystem:21 -  Main Method Started..
2024-12-15 22:44:24 INFO  RestaurantOrderManagementSystem:38 - Display Dishes Under Specific Menu Type...
2024-12-15 22:44:49 INFO  RestaurantOrderManagementSystem:13 - Initializing Log4j
2024-12-15 22:44:49 DEBUG RestaurantOrderManagementSystem:21 -  Main Method Started..
2024-12-15 22:44:50 INFO  RestaurantOrderManagementSystem:38 - Display Dishes Under Specific Menu Type...
2024-12-16 09:53:42 INFO  RestaurantOrderManagementSystem:13 - Initializing Log4j
2024-12-16 09:53:42 DEBUG RestaurantOrderManagementSystem:21 -  Main Method Started..
2024-12-16 09:53:43 INFO  RestaurantOrderManagementSystem:38 - Display Dishes Under Specific Menu Type...
